.........................s....                                                                                                                                                                                                                                                                                              [100%]
========================================================================================================================================================= tests coverage ========================================================================================================================================================= 
________________________________________________________________________________________________________________________________________ coverage: platform win32, python 3.13.12-final-0 ________________________________________________________________________________________________________________________________________ 

Name              Stmts   Miss  Cover   Missing
-----------------------------------------------
src\__init__.py       0      0   100%
src\app.py           99      0   100%
src\clean.py         59      0   100%
src\run.py            9      0   100%
-----------------------------------------------
TOTAL               167      0   100%
Required test coverage of 100% reached. Total coverage: 100.00%
29 passed, 1 skipped in 0.57s